# JRE version: OpenJDK Runtime Environment (8.0_76-b03) (build 1.8.0_76-release-b03)
# Java VM: OpenJDK 64-Bit Server VM (25.76-b03 mixed mode windows-amd64 compressed oops)
Heap:
 PSYoungGen      total 33280K, used 10734K [0x00000000e0000000, 0x00000000e3200000, 0x0000000100000000)
  eden space 30720K, 26% used [0x00000000e0000000,0x00000000e0814468,0x00000000e1e00000)
  from space 2560K, 96% used [0x00000000e1e80000,0x00000000e20e7578,0x00000000e2100000)
  to   space 10240K, 0% used [0x00000000e2800000,0x00000000e2800000,0x00000000e3200000)
 ParOldGen       total 47104K, used 11559K [0x00000000a0000000, 0x00000000a2e00000, 0x00000000e0000000)
  object space 47104K, 24% used [0x00000000a0000000,0x00000000a0b49d78,0x00000000a2e00000)
 Metaspace       used 30066K, capacity 30768K, committed 30976K, reserved 1075200K
  class space    used 4096K, capacity 4281K, committed 4352K, reserved 1048576K
GC Heap History (10 events):
Event: 30.768 GC heap before
{Heap before GC invocations=6 (full 1):
 PSYoungGen      total 38400K, used 33280K [0x00000000e0000000, 0x00000000e2a80000, 0x0000000100000000)
  eden space 33280K, 100% used [0x00000000e0000000,0x00000000e2080000,0x00000000e2080000)
  from space 5120K, 0% used [0x00000000e2580000,0x00000000e2580000,0x00000000e2a80000)
  to   space 5120K, 0% used [0x00000000e2080000,0x00000000e2080000,0x00000000e2580000)
 ParOldGen       total 47104K, used 8871K [0x00000000a0000000, 0x00000000a2e00000, 0x00000000e0000000)
  object space 47104K, 18% used [0x00000000a0000000,0x00000000a08a9d48,0x00000000a2e00000)
 Metaspace       used 23387K, capacity 23966K, committed 24064K, reserved 1071104K
  class space    used 3149K, capacity 3317K, committed 3328K, reserved 1048576K
Event: 30.790 GC heap after
Heap after GC invocations=6 (full 1):
 PSYoungGen      total 37888K, used 4546K [0x00000000e0000000, 0x00000000e3400000, 0x0000000100000000)
  eden space 32768K, 0% used [0x00000000e0000000,0x00000000e0000000,0x00000000e2000000)
  from space 5120K, 88% used [0x00000000e2080000,0x00000000e24f0ba0,0x00000000e2580000)
  to   space 10240K, 0% used [0x00000000e2a00000,0x00000000e2a00000,0x00000000e3400000)
 ParOldGen       total 47104K, used 8879K [0x00000000a0000000, 0x00000000a2e00000, 0x00000000e0000000)
  object space 47104K, 18% used [0x00000000a0000000,0x00000000a08abd48,0x00000000a2e00000)
 Metaspace       used 23387K, capacity 23966K, committed 24064K, reserved 1071104K
  class space    used 3149K, capacity 3317K, committed 3328K, reserved 1048576K
}
Event: 38.876 GC heap before
{Heap before GC invocations=7 (full 1):
 PSYoungGen      total 37888K, used 37314K [0x00000000e0000000, 0x00000000e3400000, 0x0000000100000000)
  eden space 32768K, 100% used [0x00000000e0000000,0x00000000e2000000,0x00000000e2000000)
  from space 5120K, 88% used [0x00000000e2080000,0x00000000e24f0ba0,0x00000000e2580000)
  to   space 10240K, 0% used [0x00000000e2a00000,0x00000000e2a00000,0x00000000e3400000)
 ParOldGen       total 47104K, used 8879K [0x00000000a0000000, 0x00000000a2e00000, 0x00000000e0000000)
  object space 47104K, 18% used [0x00000000a0000000,0x00000000a08abd48,0x00000000a2e00000)
 Metaspace       used 25928K, capacity 26470K, committed 26624K, reserved 1073152K
  class space    used 3586K, capacity 3743K, committed 3840K, reserved 1048576K
Event: 38.883 GC heap after
Heap after GC invocations=7 (full 1):
 PSYoungGen      total 41984K, used 5259K [0x00000000e0000000, 0x00000000e3380000, 0x0000000100000000)
  eden space 32256K, 0% used [0x00000000e0000000,0x00000000e0000000,0x00000000e1f80000)
  from space 9728K, 54% used [0x00000000e2a00000,0x00000000e2f22f98,0x00000000e3380000)
  to   space 10240K, 0% used [0x00000000e1f80000,0x00000000e1f80000,0x00000000e2980000)
 ParOldGen       total 47104K, used 8879K [0x00000000a0000000, 0x00000000a2e00000, 0x00000000e0000000)
  object space 47104K, 18% used [0x00000000a0000000,0x00000000a08abd48,0x00000000a2e00000)
 Metaspace       used 25928K, capacity 26470K, committed 26624K, reserved 1073152K
  class space    used 3586K, capacity 3743K, committed 3840K, reserved 1048576K
}
Event: 47.205 GC heap before
{Heap before GC invocations=8 (full 1):
 PSYoungGen      total 41984K, used 37515K [0x00000000e0000000, 0x00000000e3380000, 0x0000000100000000)
  eden space 32256K, 100% used [0x00000000e0000000,0x00000000e1f80000,0x00000000e1f80000)
  from space 9728K, 54% used [0x00000000e2a00000,0x00000000e2f22f98,0x00000000e3380000)
  to   space 10240K, 0% used [0x00000000e1f80000,0x00000000e1f80000,0x00000000e2980000)
 ParOldGen       total 47104K, used 8879K [0x00000000a0000000, 0x00000000a2e00000, 0x00000000e0000000)
  object space 47104K, 18% used [0x00000000a0000000,0x00000000a08abd48,0x00000000a2e00000)
 Metaspace       used 27893K, capacity 28478K, committed 28672K, reserved 1073152K
  class space    used 3845K, capacity 4003K, committed 4096K, reserved 1048576K
Event: 47.209 GC heap after
Heap after GC invocations=8 (full 1):
 PSYoungGen      total 36864K, used 4853K [0x00000000e0000000, 0x00000000e3300000, 0x0000000100000000)
  eden space 31744K, 0% used [0x00000000e0000000,0x00000000e0000000,0x00000000e1f00000)
  from space 5120K, 94% used [0x00000000e1f80000,0x00000000e243d4f8,0x00000000e2480000)
  to   space 10240K, 0% used [0x00000000e2900000,0x00000000e2900000,0x00000000e3300000)
 ParOldGen       total 47104K, used 8887K [0x00000000a0000000, 0x00000000a2e00000, 0x00000000e0000000)
  object space 47104K, 18% used [0x00000000a0000000,0x00000000a08add48,0x00000000a2e00000)
 Metaspace       used 27893K, capacity 28478K, committed 28672K, reserved 1073152K
  class space    used 3845K, capacity 4003K, committed 4096K, reserved 1048576K
}
Event: 52.088 GC heap before
{Heap before GC invocations=9 (full 1):
 PSYoungGen      total 36864K, used 36597K [0x00000000e0000000, 0x00000000e3300000, 0x0000000100000000)
  eden space 31744K, 100% used [0x00000000e0000000,0x00000000e1f00000,0x00000000e1f00000)
  from space 5120K, 94% used [0x00000000e1f80000,0x00000000e243d4f8,0x00000000e2480000)
  to   space 10240K, 0% used [0x00000000e2900000,0x00000000e2900000,0x00000000e3300000)
 ParOldGen       total 47104K, used 8887K [0x00000000a0000000, 0x00000000a2e00000, 0x00000000e0000000)
  object space 47104K, 18% used [0x00000000a0000000,0x00000000a08add48,0x00000000a2e00000)
 Metaspace       used 28087K, capacity 28670K, committed 28928K, reserved 1075200K
  class space    used 3848K, capacity 4003K, committed 4096K, reserved 1048576K
Event: 52.093 GC heap after
Heap after GC invocations=9 (full 1):
 PSYoungGen      total 40960K, used 3968K [0x00000000e0000000, 0x00000000e3280000, 0x0000000100000000)
  eden space 31232K, 0% used [0x00000000e0000000,0x00000000e0000000,0x00000000e1e80000)
  from space 9728K, 40% used [0x00000000e2900000,0x00000000e2ce0020,0x00000000e3280000)
  to   space 10240K, 0% used [0x00000000e1e80000,0x00000000e1e80000,0x00000000e2880000)
 ParOldGen       total 47104K, used 8895K [0x00000000a0000000, 0x00000000a2e00000, 0x00000000e0000000)
  object space 47104K, 18% used [0x00000000a0000000,0x00000000a08afd48,0x00000000a2e00000)
 Metaspace       used 28087K, capacity 28670K, committed 28928K, reserved 1075200K
  class space    used 3848K, capacity 4003K, committed 4096K, reserved 1048576K
}
Event: 64.549 GC heap before
{Heap before GC invocations=10 (full 1):
 PSYoungGen      total 40960K, used 35200K [0x00000000e0000000, 0x00000000e3280000, 0x0000000100000000)
  eden space 31232K, 100% used [0x00000000e0000000,0x00000000e1e80000,0x00000000e1e80000)
  from space 9728K, 40% used [0x00000000e2900000,0x00000000e2ce0020,0x00000000e3280000)
  to   space 10240K, 0% used [0x00000000e1e80000,0x00000000e1e80000,0x00000000e2880000)
 ParOldGen       total 47104K, used 8895K [0x00000000a0000000, 0x00000000a2e00000, 0x00000000e0000000)
  object space 47104K, 18% used [0x00000000a0000000,0x00000000a08afd48,0x00000000a2e00000)
 Metaspace       used 28836K, capacity 29480K, committed 29824K, reserved 1075200K
  class space    used 3945K, capacity 4149K, committed 4224K, reserved 1048576K
Event: 64.561 GC heap after
Heap after GC invocations=10 (full 1):
 PSYoungGen      total 33280K, used 2461K [0x00000000e0000000, 0x00000000e3200000, 0x0000000100000000)
  eden space 30720K, 0% used [0x00000000e0000000,0x00000000e0000000,0x00000000e1e00000)
  from space 2560K, 96% used [0x00000000e1e80000,0x00000000e20e7578,0x00000000e2100000)
  to   space 10240K, 0% used [0x00000000e2800000,0x00000000e2800000,0x00000000e3200000)
 ParOldGen       total 47104K, used 11559K [0x00000000a0000000, 0x00000000a2e00000, 0x00000000e0000000)
  object space 47104K, 24% used [0x00000000a0000000,0x00000000a0b49d78,0x00000000a2e00000)
 Metaspace       used 28836K, capacity 29480K, committed 29824K, reserved 1075200K
  class space    used 3945K, capacity 4149K, committed 4224K, reserved 1048576K
}

