# JRE version: OpenJDK Runtime Environment (8.0_76-b03) (build 1.8.0_76-release-b03)
# Java VM: OpenJDK 64-Bit Server VM (25.76-b03 mixed mode windows-amd64 compressed oops)
Heap:
 PSYoungGen      total 97280K, used 27854K [0x00000000e0000000, 0x00000000e8780000, 0x0000000100000000)
  eden space 92160K, 24% used [0x00000000e0000000,0x00000000e16383b0,0x00000000e5a00000)
  from space 5120K, 99% used [0x00000000e8200000,0x00000000e86fb5a8,0x00000000e8700000)
  to   space 512K, 0% used [0x00000000e8700000,0x00000000e8700000,0x00000000e8780000)
 ParOldGen       total 79872K, used 13689K [0x00000000a0000000, 0x00000000a4e00000, 0x00000000e0000000)
  object space 79872K, 17% used [0x00000000a0000000,0x00000000a0d5e428,0x00000000a4e00000)
 Metaspace       used 29742K, capacity 30292K, committed 30592K, reserved 1075200K
  class space    used 4034K, capacity 4179K, committed 4224K, reserved 1048576K
GC Heap History (10 events):
Event: 1.211 GC heap before
{Heap before GC invocations=2 (full 0):
 PSYoungGen      total 38400K, used 38240K [0x00000000e0000000, 0x00000000e4b00000, 0x0000000100000000)
  eden space 33280K, 100% used [0x00000000e0000000,0x00000000e2080000,0x00000000e2080000)
  from space 5120K, 96% used [0x00000000e2080000,0x00000000e25583c8,0x00000000e2580000)
  to   space 5120K, 0% used [0x00000000e4600000,0x00000000e4600000,0x00000000e4b00000)
 ParOldGen       total 87552K, used 8K [0x00000000a0000000, 0x00000000a5580000, 0x00000000e0000000)
  object space 87552K, 0% used [0x00000000a0000000,0x00000000a0002000,0x00000000a5580000)
 Metaspace       used 13655K, capacity 13996K, committed 14336K, reserved 1060864K
  class space    used 1828K, capacity 1940K, committed 2048K, reserved 1048576K
Event: 1.233 GC heap after
Heap after GC invocations=2 (full 0):
 PSYoungGen      total 71680K, used 5088K [0x00000000e0000000, 0x00000000e4b00000, 0x0000000100000000)
  eden space 66560K, 0% used [0x00000000e0000000,0x00000000e0000000,0x00000000e4100000)
  from space 5120K, 99% used [0x00000000e4600000,0x00000000e4af83f0,0x00000000e4b00000)
  to   space 5120K, 0% used [0x00000000e4100000,0x00000000e4100000,0x00000000e4600000)
 ParOldGen       total 87552K, used 2227K [0x00000000a0000000, 0x00000000a5580000, 0x00000000e0000000)
  object space 87552K, 2% used [0x00000000a0000000,0x00000000a022cc58,0x00000000a5580000)
 Metaspace       used 13655K, capacity 13996K, committed 14336K, reserved 1060864K
  class space    used 1828K, capacity 1940K, committed 2048K, reserved 1048576K
}
Event: 1.839 GC heap before
{Heap before GC invocations=3 (full 0):
 PSYoungGen      total 71680K, used 54036K [0x00000000e0000000, 0x00000000e4b00000, 0x0000000100000000)
  eden space 66560K, 73% used [0x00000000e0000000,0x00000000e2fccf40,0x00000000e4100000)
  from space 5120K, 99% used [0x00000000e4600000,0x00000000e4af83f0,0x00000000e4b00000)
  to   space 5120K, 0% used [0x00000000e4100000,0x00000000e4100000,0x00000000e4600000)
 ParOldGen       total 87552K, used 2227K [0x00000000a0000000, 0x00000000a5580000, 0x00000000e0000000)
  object space 87552K, 2% used [0x00000000a0000000,0x00000000a022cc58,0x00000000a5580000)
 Metaspace       used 20800K, capacity 21108K, committed 21296K, reserved 1067008K
  class space    used 2729K, capacity 2851K, committed 2944K, reserved 1048576K
Event: 1.873 GC heap after
Heap after GC invocations=3 (full 0):
 PSYoungGen      total 71680K, used 5112K [0x00000000e0000000, 0x00000000e8c00000, 0x0000000100000000)
  eden space 66560K, 0% used [0x00000000e0000000,0x00000000e0000000,0x00000000e4100000)
  from space 5120K, 99% used [0x00000000e4100000,0x00000000e45fe050,0x00000000e4600000)
  to   space 5120K, 0% used [0x00000000e8700000,0x00000000e8700000,0x00000000e8c00000)
 ParOldGen       total 87552K, used 8554K [0x00000000a0000000, 0x00000000a5580000, 0x00000000e0000000)
  object space 87552K, 9% used [0x00000000a0000000,0x00000000a085abb0,0x00000000a5580000)
 Metaspace       used 20800K, capacity 21108K, committed 21296K, reserved 1067008K
  class space    used 2729K, capacity 2851K, committed 2944K, reserved 1048576K
}
Event: 1.873 GC heap before
{Heap before GC invocations=4 (full 1):
 PSYoungGen      total 71680K, used 5112K [0x00000000e0000000, 0x00000000e8c00000, 0x0000000100000000)
  eden space 66560K, 0% used [0x00000000e0000000,0x00000000e0000000,0x00000000e4100000)
  from space 5120K, 99% used [0x00000000e4100000,0x00000000e45fe050,0x00000000e4600000)
  to   space 5120K, 0% used [0x00000000e8700000,0x00000000e8700000,0x00000000e8c00000)
 ParOldGen       total 87552K, used 8554K [0x00000000a0000000, 0x00000000a5580000, 0x00000000e0000000)
  object space 87552K, 9% used [0x00000000a0000000,0x00000000a085abb0,0x00000000a5580000)
 Metaspace       used 20800K, capacity 21108K, committed 21296K, reserved 1067008K
  class space    used 2729K, capacity 2851K, committed 2944K, reserved 1048576K
Event: 2.189 GC heap after
Heap after GC invocations=4 (full 1):
 PSYoungGen      total 71680K, used 0K [0x00000000e0000000, 0x00000000e8c00000, 0x0000000100000000)
  eden space 66560K, 0% used [0x00000000e0000000,0x00000000e0000000,0x00000000e4100000)
  from space 5120K, 0% used [0x00000000e4100000,0x00000000e4100000,0x00000000e4600000)
  to   space 5120K, 0% used [0x00000000e8700000,0x00000000e8700000,0x00000000e8c00000)
 ParOldGen       total 79872K, used 11169K [0x00000000a0000000, 0x00000000a4e00000, 0x00000000e0000000)
  object space 79872K, 13% used [0x00000000a0000000,0x00000000a0ae8590,0x00000000a4e00000)
 Metaspace       used 20800K, capacity 21108K, committed 21296K, reserved 1067008K
  class space    used 2729K, capacity 2851K, committed 2944K, reserved 1048576K
}
Event: 2.935 GC heap before
{Heap before GC invocations=5 (full 1):
 PSYoungGen      total 71680K, used 66560K [0x00000000e0000000, 0x00000000e8c00000, 0x0000000100000000)
  eden space 66560K, 100% used [0x00000000e0000000,0x00000000e4100000,0x00000000e4100000)
  from space 5120K, 0% used [0x00000000e4100000,0x00000000e4100000,0x00000000e4600000)
  to   space 5120K, 0% used [0x00000000e8700000,0x00000000e8700000,0x00000000e8c00000)
 ParOldGen       total 79872K, used 11169K [0x00000000a0000000, 0x00000000a4e00000, 0x00000000e0000000)
  object space 79872K, 13% used [0x00000000a0000000,0x00000000a0ae8590,0x00000000a4e00000)
 Metaspace       used 26074K, capacity 26442K, committed 26752K, reserved 1073152K
  class space    used 3590K, capacity 3705K, committed 3712K, reserved 1048576K
Event: 2.966 GC heap after
Heap after GC invocations=5 (full 1):
 PSYoungGen      total 83456K, used 5098K [0x00000000e0000000, 0x00000000e8c00000, 0x0000000100000000)
  eden space 78336K, 0% used [0x00000000e0000000,0x00000000e0000000,0x00000000e4c80000)
  from space 5120K, 99% used [0x00000000e8700000,0x00000000e8bfaaa8,0x00000000e8c00000)
  to   space 5120K, 0% used [0x00000000e8200000,0x00000000e8200000,0x00000000e8700000)
 ParOldGen       total 79872K, used 13585K [0x00000000a0000000, 0x00000000a4e00000, 0x00000000e0000000)
  object space 79872K, 17% used [0x00000000a0000000,0x00000000a0d44400,0x00000000a4e00000)
 Metaspace       used 26074K, capacity 26442K, committed 26752K, reserved 1073152K
  class space    used 3590K, capacity 3705K, committed 3712K, reserved 1048576K
}
Event: 3.704 GC heap before
{Heap before GC invocations=6 (full 1):
 PSYoungGen      total 83456K, used 83434K [0x00000000e0000000, 0x00000000e8c00000, 0x0000000100000000)
  eden space 78336K, 100% used [0x00000000e0000000,0x00000000e4c80000,0x00000000e4c80000)
  from space 5120K, 99% used [0x00000000e8700000,0x00000000e8bfaaa8,0x00000000e8c00000)
  to   space 5120K, 0% used [0x00000000e8200000,0x00000000e8200000,0x00000000e8700000)
 ParOldGen       total 79872K, used 13585K [0x00000000a0000000, 0x00000000a4e00000, 0x00000000e0000000)
  object space 79872K, 17% used [0x00000000a0000000,0x00000000a0d44400,0x00000000a4e00000)
 Metaspace       used 27796K, capacity 28258K, committed 28544K, reserved 1073152K
  class space    used 3775K, capacity 3901K, committed 3968K, reserved 1048576K
Event: 3.727 GC heap after
Heap after GC invocations=6 (full 1):
 PSYoungGen      total 97280K, used 5101K [0x00000000e0000000, 0x00000000e8780000, 0x0000000100000000)
  eden space 92160K, 0% used [0x00000000e0000000,0x00000000e0000000,0x00000000e5a00000)
  from space 5120K, 99% used [0x00000000e8200000,0x00000000e86fb5a8,0x00000000e8700000)
  to   space 512K, 0% used [0x00000000e8700000,0x00000000e8700000,0x00000000e8780000)
 ParOldGen       total 79872K, used 13689K [0x00000000a0000000, 0x00000000a4e00000, 0x00000000e0000000)
  object space 79872K, 17% used [0x00000000a0000000,0x00000000a0d5e428,0x00000000a4e00000)
 Metaspace       used 27796K, capacity 28258K, committed 28544K, reserved 1073152K
  class space    used 3775K, capacity 3901K, committed 3968K, reserved 1048576K
}

