# JRE version: OpenJDK Runtime Environment (8.0_76-b03) (build 1.8.0_76-release-b03)
# Java VM: OpenJDK 64-Bit Server VM (25.76-b03 mixed mode windows-amd64 compressed oops)
Heap:
 PSYoungGen      total 123904K, used 44398K [0x00000000e0000000, 0x00000000e8580000, 0x0000000100000000)
  eden space 116224K, 33% used [0x00000000e0000000,0x00000000e25af658,0x00000000e7180000)
  from space 7680K, 75% used [0x00000000e7e00000,0x00000000e83ac518,0x00000000e8580000)
  to   space 10240K, 0% used [0x00000000e7180000,0x00000000e7180000,0x00000000e7b80000)
 ParOldGen       total 53760K, used 11512K [0x00000000a0000000, 0x00000000a3480000, 0x00000000e0000000)
  object space 53760K, 21% used [0x00000000a0000000,0x00000000a0b3e2b0,0x00000000a3480000)
 Metaspace       used 30071K, capacity 30774K, committed 31024K, reserved 1075200K
  class space    used 4096K, capacity 4282K, committed 4400K, reserved 1048576K
GC Heap History (10 events):
Event: 1.816 GC heap before
{Heap before GC invocations=3 (full 0):
 PSYoungGen      total 38400K, used 38389K [0x00000000e0000000, 0x00000000e4b00000, 0x0000000100000000)
  eden space 33280K, 100% used [0x00000000e0000000,0x00000000e2080000,0x00000000e2080000)
  from space 5120K, 99% used [0x00000000e2580000,0x00000000e2a7d550,0x00000000e2a80000)
  to   space 5120K, 0% used [0x00000000e2080000,0x00000000e2080000,0x00000000e2580000)
 ParOldGen       total 87552K, used 2308K [0x00000000a0000000, 0x00000000a5580000, 0x00000000e0000000)
  object space 87552K, 2% used [0x00000000a0000000,0x00000000a02411a8,0x00000000a5580000)
 Metaspace       used 19547K, capacity 19882K, committed 20096K, reserved 1067008K
  class space    used 2542K, capacity 2671K, committed 2688K, reserved 1048576K
Event: 1.940 GC heap after
Heap after GC invocations=3 (full 0):
 PSYoungGen      total 38400K, used 5096K [0x00000000e0000000, 0x00000000e4b00000, 0x0000000100000000)
  eden space 33280K, 0% used [0x00000000e0000000,0x00000000e0000000,0x00000000e2080000)
  from space 5120K, 99% used [0x00000000e2080000,0x00000000e257a040,0x00000000e2580000)
  to   space 5120K, 0% used [0x00000000e4600000,0x00000000e4600000,0x00000000e4b00000)
 ParOldGen       total 87552K, used 6707K [0x00000000a0000000, 0x00000000a5580000, 0x00000000e0000000)
  object space 87552K, 7% used [0x00000000a0000000,0x00000000a068cee8,0x00000000a5580000)
 Metaspace       used 19547K, capacity 19882K, committed 20096K, reserved 1067008K
  class space    used 2542K, capacity 2671K, committed 2688K, reserved 1048576K
}
Event: 2.151 GC heap before
{Heap before GC invocations=4 (full 0):
 PSYoungGen      total 38400K, used 19859K [0x00000000e0000000, 0x00000000e4b00000, 0x0000000100000000)
  eden space 33280K, 44% used [0x00000000e0000000,0x00000000e0e6ac30,0x00000000e2080000)
  from space 5120K, 99% used [0x00000000e2080000,0x00000000e257a040,0x00000000e2580000)
  to   space 5120K, 0% used [0x00000000e4600000,0x00000000e4600000,0x00000000e4b00000)
 ParOldGen       total 87552K, used 6707K [0x00000000a0000000, 0x00000000a5580000, 0x00000000e0000000)
  object space 87552K, 7% used [0x00000000a0000000,0x00000000a068cee8,0x00000000a5580000)
 Metaspace       used 20797K, capacity 21234K, committed 21296K, reserved 1067008K
  class space    used 2721K, capacity 2857K, committed 2864K, reserved 1048576K
Event: 2.181 GC heap after
Heap after GC invocations=4 (full 0):
 PSYoungGen      total 71680K, used 5096K [0x00000000e0000000, 0x00000000e4b00000, 0x0000000100000000)
  eden space 66560K, 0% used [0x00000000e0000000,0x00000000e0000000,0x00000000e4100000)
  from space 5120K, 99% used [0x00000000e4600000,0x00000000e4afa040,0x00000000e4b00000)
  to   space 5120K, 0% used [0x00000000e4100000,0x00000000e4100000,0x00000000e4600000)
 ParOldGen       total 87552K, used 9107K [0x00000000a0000000, 0x00000000a5580000, 0x00000000e0000000)
  object space 87552K, 10% used [0x00000000a0000000,0x00000000a08e4eb8,0x00000000a5580000)
 Metaspace       used 20797K, capacity 21234K, committed 21296K, reserved 1067008K
  class space    used 2721K, capacity 2857K, committed 2864K, reserved 1048576K
}
Event: 2.181 GC heap before
{Heap before GC invocations=5 (full 1):
 PSYoungGen      total 71680K, used 5096K [0x00000000e0000000, 0x00000000e4b00000, 0x0000000100000000)
  eden space 66560K, 0% used [0x00000000e0000000,0x00000000e0000000,0x00000000e4100000)
  from space 5120K, 99% used [0x00000000e4600000,0x00000000e4afa040,0x00000000e4b00000)
  to   space 5120K, 0% used [0x00000000e4100000,0x00000000e4100000,0x00000000e4600000)
 ParOldGen       total 87552K, used 9107K [0x00000000a0000000, 0x00000000a5580000, 0x00000000e0000000)
  object space 87552K, 10% used [0x00000000a0000000,0x00000000a08e4eb8,0x00000000a5580000)
 Metaspace       used 20797K, capacity 21234K, committed 21296K, reserved 1067008K
  class space    used 2721K, capacity 2857K, committed 2864K, reserved 1048576K
Event: 2.227 GC heap after
Heap after GC invocations=5 (full 1):
 PSYoungGen      total 71680K, used 0K [0x00000000e0000000, 0x00000000e4b00000, 0x0000000100000000)
  eden space 66560K, 0% used [0x00000000e0000000,0x00000000e0000000,0x00000000e4100000)
  from space 5120K, 0% used [0x00000000e4600000,0x00000000e4600000,0x00000000e4b00000)
  to   space 5120K, 0% used [0x00000000e4100000,0x00000000e4100000,0x00000000e4600000)
 ParOldGen       total 53760K, used 8871K [0x00000000a0000000, 0x00000000a3480000, 0x00000000e0000000)
  object space 53760K, 16% used [0x00000000a0000000,0x00000000a08a9fa8,0x00000000a3480000)
 Metaspace       used 20797K, capacity 21234K, committed 21296K, reserved 1067008K
  class space    used 2721K, capacity 2857K, committed 2864K, reserved 1048576K
}
Event: 2.941 GC heap before
{Heap before GC invocations=6 (full 1):
 PSYoungGen      total 71680K, used 66560K [0x00000000e0000000, 0x00000000e4b00000, 0x0000000100000000)
  eden space 66560K, 100% used [0x00000000e0000000,0x00000000e4100000,0x00000000e4100000)
  from space 5120K, 0% used [0x00000000e4600000,0x00000000e4600000,0x00000000e4b00000)
  to   space 5120K, 0% used [0x00000000e4100000,0x00000000e4100000,0x00000000e4600000)
 ParOldGen       total 53760K, used 8871K [0x00000000a0000000, 0x00000000a3480000, 0x00000000e0000000)
  object space 53760K, 16% used [0x00000000a0000000,0x00000000a08a9fa8,0x00000000a3480000)
 Metaspace       used 25997K, capacity 26604K, committed 26800K, reserved 1073152K
  class space    used 3591K, capacity 3744K, committed 3760K, reserved 1048576K
Event: 2.975 GC heap after
Heap after GC invocations=6 (full 1):
 PSYoungGen      total 71680K, used 5100K [0x00000000e0000000, 0x00000000e8800000, 0x0000000100000000)
  eden space 66560K, 0% used [0x00000000e0000000,0x00000000e0000000,0x00000000e4100000)
  from space 5120K, 99% used [0x00000000e4100000,0x00000000e45fb3c8,0x00000000e4600000)
  to   space 10240K, 0% used [0x00000000e7e00000,0x00000000e7e00000,0x00000000e8800000)
 ParOldGen       total 53760K, used 11504K [0x00000000a0000000, 0x00000000a3480000, 0x00000000e0000000)
  object space 53760K, 21% used [0x00000000a0000000,0x00000000a0b3c2b0,0x00000000a3480000)
 Metaspace       used 25997K, capacity 26604K, committed 26800K, reserved 1073152K
  class space    used 3591K, capacity 3744K, committed 3760K, reserved 1048576K
}
Event: 3.586 GC heap before
{Heap before GC invocations=7 (full 1):
 PSYoungGen      total 71680K, used 71660K [0x00000000e0000000, 0x00000000e8800000, 0x0000000100000000)
  eden space 66560K, 100% used [0x00000000e0000000,0x00000000e4100000,0x00000000e4100000)
  from space 5120K, 99% used [0x00000000e4100000,0x00000000e45fb3c8,0x00000000e4600000)
  to   space 10240K, 0% used [0x00000000e7e00000,0x00000000e7e00000,0x00000000e8800000)
 ParOldGen       total 53760K, used 11504K [0x00000000a0000000, 0x00000000a3480000, 0x00000000e0000000)
  object space 53760K, 21% used [0x00000000a0000000,0x00000000a0b3c2b0,0x00000000a3480000)
 Metaspace       used 28147K, capacity 28740K, committed 28848K, reserved 1075200K
  class space    used 3854K, capacity 4004K, committed 4016K, reserved 1048576K
Event: 3.594 GC heap after
Heap after GC invocations=7 (full 1):
 PSYoungGen      total 123904K, used 5809K [0x00000000e0000000, 0x00000000e8580000, 0x0000000100000000)
  eden space 116224K, 0% used [0x00000000e0000000,0x00000000e0000000,0x00000000e7180000)
  from space 7680K, 75% used [0x00000000e7e00000,0x00000000e83ac518,0x00000000e8580000)
  to   space 10240K, 0% used [0x00000000e7180000,0x00000000e7180000,0x00000000e7b80000)
 ParOldGen       total 53760K, used 11512K [0x00000000a0000000, 0x00000000a3480000, 0x00000000e0000000)
  object space 53760K, 21% used [0x00000000a0000000,0x00000000a0b3e2b0,0x00000000a3480000)
 Metaspace       used 28147K, capacity 28740K, committed 28848K, reserved 1075200K
  class space    used 3854K, capacity 4004K, committed 4016K, reserved 1048576K
}

